<?xml version="1.0" encoding="UTF-8"?>
<!-- Generated by org.testng.reporters.JUnitReportReporter -->
<testsuite skipped="0" hostname="INHL1343" name="dataprovider.DataProviderTest" tests="6" failures="0" timestamp="2023-01-06T16:27:36 IST" time="0.003" errors="0">
  <testcase name="login" time="0.000" classname="dataprovider.DataProviderTest"/>
  <system-out/>
  <testcase name="login" time="0.001" classname="dataprovider.DataProviderTest"/>
  <system-out/>
  <testcase name="register" time="0.001" classname="dataprovider.DataProviderTest"/>
  <system-out/>
  <testcase name="login" time="0.001" classname="dataprovider.DataProviderTest"/>
  <system-out/>
  <testcase name="register" time="0.000" classname="dataprovider.DataProviderTest"/>
  <system-out/>
  <testcase name="register" time="0.000" classname="dataprovider.DataProviderTest"/>
  <system-out/>
</testsuite> <!-- dataprovider.DataProviderTest -->
