<?xml version="1.0" encoding="UTF-8"?>
<!-- Generated by org.testng.reporters.JUnitReportReporter -->
<testsuite skipped="0" hostname="INHL1343" name="dataprovider.Group" tests="4" failures="0" timestamp="2023-01-06T16:27:36 IST" time="0.006" errors="0">
  <testcase name="method1" time="0.004" classname="dataprovider.Group"/>
  <system-out/>
  <testcase name="method3" time="0.001" classname="dataprovider.Group"/>
  <system-out/>
  <testcase name="method4" time="0.000" classname="dataprovider.Group"/>
  <system-out/>
  <testcase name="method2" time="0.001" classname="dataprovider.Group"/>
  <system-out/>
</testsuite> <!-- dataprovider.Group -->
