<?xml version="1.0" encoding="UTF-8"?>
<!-- Generated by org.testng.reporters.JUnitReportReporter -->
<testsuite skipped="0" hostname="INHL1343" name="maven.MVNTest" tests="1" failures="0" timestamp="2023-01-03T13:09:23 IST" time="0.004" errors="0">
  <testcase name="testCase" time="0.004" classname="maven.MVNTest"/>
  <system-out/>
</testsuite> <!-- maven.MVNTest -->
