<?xml version="1.0" encoding="UTF-8"?>
<!-- Generated by org.testng.reporters.JUnitReportReporter -->
<testsuite skipped="0" hostname="INHL1343" name="maven.MVNTest" tests="1" failures="0" timestamp="2022-12-31T00:08:28 IST" time="0.005" errors="0">
  <testcase name="testCase" time="0.005" classname="maven.MVNTest"/>
  <system-out/>
</testsuite> <!-- maven.MVNTest -->
