<?xml version="1.0" encoding="UTF-8"?>
<!-- Generated by org.testng.reporters.JUnitReportReporter -->
<testsuite skipped="0" hostname="INHL1343" name="pkg1.Class2" tests="3" failures="0" timestamp="2023-01-04T22:03:45 IST" time="0.006" errors="0">
  <testcase name="test1" time="0.004" classname="pkg1.Class2"/>
  <system-out/>
  <testcase name="test3" time="0.001" classname="pkg1.Class2"/>
  <system-out/>
  <testcase name="test2" time="0.001" classname="pkg1.Class2"/>
  <system-out/>
</testsuite> <!-- pkg1.Class2 -->
