<?xml version="1.0" encoding="UTF-8"?>
<!-- Generated by org.testng.reporters.JUnitReportReporter -->
<testsuite skipped="0" hostname="INHL1343" name="mvnTest.TC1" tests="1" failures="0" timestamp="2022-12-30T16:58:46 IST" time="5.275" errors="0">
  <testcase name="firstTestCase" time="5.275" classname="mvnTest.TC1"/>
  <system-out/>
</testsuite> <!-- mvnTest.TC1 -->
